DEPRECATION WARNING: config.active_record.whitelist_attributes is deprecated and have no effect. Remove its call from the configuration. (called from block in tsort_each at /home/alejandro/.rvm/rubies/ruby-2.2.2/lib/ruby/2.2.0/tsort.rb:226)
  [1m[36mActiveRecord::SchemaMigration Load (0.3ms)[0m  [1mSELECT "schema_migrations".* FROM "schema_migrations"[0m
  [1m[35mActiveRecord::SchemaMigration Load (0.1ms)[0m  SELECT "schema_migrations".* FROM "schema_migrations"
DEPRECATION WARNING: config.active_record.whitelist_attributes is deprecated and have no effect. Remove its call from the configuration. (called from block in tsort_each at /home/alejandro/.rvm/rubies/ruby-2.2.2/lib/ruby/2.2.0/tsort.rb:226)
DEPRECATION WARNING: config.active_record.whitelist_attributes is deprecated and have no effect. Remove its call from the configuration. (called from block in tsort_each at /usr/local/rvm/rubies/ruby-2.2.2/lib/ruby/2.2.0/tsort.rb:226)
DEPRECATION WARNING: config.active_record.whitelist_attributes is deprecated and have no effect. Remove its call from the configuration. (called from block in tsort_each at /usr/local/rvm/rubies/ruby-2.2.2/lib/ruby/2.2.0/tsort.rb:226)
DEPRECATION WARNING: You didn't set `secret_key_base`. Read the upgrade documentation to learn more about this new config option. (called from service at /usr/local/rvm/rubies/ruby-2.2.2/lib/ruby/2.2.0/webrick/httpserver.rb:138)


Started GET "/" for 75.109.208.122 at 2016-04-01 21:38:24 +0000
Processing by MoviesController#index as HTML
  [1m[36mMovie Load (0.3ms)[0m  [1mSELECT "movies".* FROM "movies" WHERE "movies"."rating" IN ('G', 'PG', 'PG-13', 'NC-17', 'R')[0m
  Rendered movies/index.html.haml within layouts/application (67.3ms)
Completed 200 OK in 613ms (Views: 585.2ms | ActiveRecord: 7.2ms)


Started GET "/assets/application.self-a2d4d09977b897a787cbbb33d40f7cfe7be49b3706bc4ba8f57efd29c6002c87.css?body=1" for 75.109.208.122 at 2016-04-01 21:38:25 +0000


Started GET "/assets/jquery.self-e87902a88decab79219ed591f69f2d9a44babbca4e20eb77fd83240a9b360d18.js?body=1" for 75.109.208.122 at 2016-04-01 21:38:25 +0000


Started GET "/assets/jquery_ujs.self-2d932b7d855b5001f01522935e9201af44edae0eec77ab873d9f71ecc04d1680.js?body=1" for 75.109.208.122 at 2016-04-01 21:38:25 +0000


Started GET "/assets/application.self-ac4347b135ab8935f2dd20089f2acc8bec1d6b2ad528a80fcb03cd445dbd4d27.js?body=1" for 75.109.208.122 at 2016-04-01 21:38:25 +0000


Started GET "/movies?utf8=%E2%9C%93&ratings%5BG%5D=1&ratings%5BPG%5D=1&ratings%5BPG-13%5D=1&ratings%5BNC-17%5D=1&ratings%5BR%5D=1&commit=Refresh" for 75.109.208.122 at 2016-04-01 21:38:44 +0000
Processing by MoviesController#index as HTML
  Parameters: {"utf8"=>"✓", "ratings"=>{"G"=>"1", "PG"=>"1", "PG-13"=>"1", "NC-17"=>"1", "R"=>"1"}, "commit"=>"Refresh"}
Redirected to https://csce431-soar-software-alejandrojsuazo.c9users.io/?ratings%5BG%5D=1&ratings%5BNC-17%5D=1&ratings%5BPG%5D=1&ratings%5BPG-13%5D=1&ratings%5BR%5D=1
Completed 302 Found in 2ms (ActiveRecord: 0.0ms)


Started GET "/?ratings%5BG%5D=1&ratings%5BNC-17%5D=1&ratings%5BPG%5D=1&ratings%5BPG-13%5D=1&ratings%5BR%5D=1" for 75.109.208.122 at 2016-04-01 21:38:44 +0000
Processing by MoviesController#index as HTML
  Parameters: {"ratings"=>{"G"=>"1", "NC-17"=>"1", "PG"=>"1", "PG-13"=>"1", "R"=>"1"}}
  [1m[35mMovie Load (0.6ms)[0m  SELECT "movies".* FROM "movies" WHERE "movies"."rating" IN ('G', 'NC-17', 'PG', 'PG-13', 'R')
  Rendered movies/index.html.haml within layouts/application (10.5ms)
Completed 200 OK in 33ms (Views: 31.8ms | ActiveRecord: 0.6ms)


Started GET "/movies?utf8=%E2%9C%93&ratings%5BG%5D=1&ratings%5BPG%5D=1&ratings%5BPG-13%5D=1&ratings%5BNC-17%5D=1&ratings%5BR%5D=1&commit=Refresh" for 75.109.208.122 at 2016-04-01 21:38:48 +0000
Processing by MoviesController#index as HTML
  Parameters: {"utf8"=>"✓", "ratings"=>{"G"=>"1", "PG"=>"1", "PG-13"=>"1", "NC-17"=>"1", "R"=>"1"}, "commit"=>"Refresh"}
  [1m[36mMovie Load (0.4ms)[0m  [1mSELECT "movies".* FROM "movies" WHERE "movies"."rating" IN ('G', 'PG', 'PG-13', 'NC-17', 'R')[0m
  Rendered movies/index.html.haml within layouts/application (9.3ms)
Completed 200 OK in 27ms (Views: 25.2ms | ActiveRecord: 0.4ms)


Started GET "/movies?utf8=%E2%9C%93&ratings%5BG%5D=1&ratings%5BPG%5D=1&ratings%5BPG-13%5D=1&ratings%5BNC-17%5D=1&commit=Refresh" for 75.109.208.122 at 2016-04-01 21:38:50 +0000
Processing by MoviesController#index as HTML
  Parameters: {"utf8"=>"✓", "ratings"=>{"G"=>"1", "PG"=>"1", "PG-13"=>"1", "NC-17"=>"1"}, "commit"=>"Refresh"}
Redirected to https://csce431-soar-software-alejandrojsuazo.c9users.io/?ratings%5BG%5D=1&ratings%5BNC-17%5D=1&ratings%5BPG%5D=1&ratings%5BPG-13%5D=1
Completed 302 Found in 1ms (ActiveRecord: 0.0ms)


Started GET "/?ratings%5BG%5D=1&ratings%5BNC-17%5D=1&ratings%5BPG%5D=1&ratings%5BPG-13%5D=1" for 75.109.208.122 at 2016-04-01 21:38:50 +0000
Processing by MoviesController#index as HTML
  Parameters: {"ratings"=>{"G"=>"1", "NC-17"=>"1", "PG"=>"1", "PG-13"=>"1"}}
  [1m[35mMovie Load (0.6ms)[0m  SELECT "movies".* FROM "movies" WHERE "movies"."rating" IN ('G', 'NC-17', 'PG', 'PG-13')
  Rendered movies/index.html.haml within layouts/application (8.3ms)
Completed 200 OK in 31ms (Views: 29.3ms | ActiveRecord: 0.6ms)


Started GET "/movies?utf8=%E2%9C%93&ratings%5BG%5D=1&ratings%5BPG%5D=1&ratings%5BPG-13%5D=1&commit=Refresh" for 75.109.208.122 at 2016-04-01 21:38:53 +0000
Processing by MoviesController#index as HTML
  Parameters: {"utf8"=>"✓", "ratings"=>{"G"=>"1", "PG"=>"1", "PG-13"=>"1"}, "commit"=>"Refresh"}
Redirected to https://csce431-soar-software-alejandrojsuazo.c9users.io/?ratings%5BG%5D=1&ratings%5BPG%5D=1&ratings%5BPG-13%5D=1
Completed 302 Found in 2ms (ActiveRecord: 0.0ms)


Started GET "/?ratings%5BG%5D=1&ratings%5BPG%5D=1&ratings%5BPG-13%5D=1" for 75.109.208.122 at 2016-04-01 21:38:53 +0000
Processing by MoviesController#index as HTML
  Parameters: {"ratings"=>{"G"=>"1", "PG"=>"1", "PG-13"=>"1"}}
  [1m[36mMovie Load (0.6ms)[0m  [1mSELECT "movies".* FROM "movies" WHERE "movies"."rating" IN ('G', 'PG', 'PG-13')[0m
  Rendered movies/index.html.haml within layouts/application (10.5ms)
Completed 200 OK in 35ms (Views: 32.7ms | ActiveRecord: 0.6ms)


Started GET "/movies?utf8=%E2%9C%93&ratings%5BG%5D=1&ratings%5BPG%5D=1&commit=Refresh" for 75.109.208.122 at 2016-04-01 21:38:55 +0000
Processing by MoviesController#index as HTML
  Parameters: {"utf8"=>"✓", "ratings"=>{"G"=>"1", "PG"=>"1"}, "commit"=>"Refresh"}
Redirected to https://csce431-soar-software-alejandrojsuazo.c9users.io/?ratings%5BG%5D=1&ratings%5BPG%5D=1
Completed 302 Found in 1ms (ActiveRecord: 0.0ms)


Started GET "/?ratings%5BG%5D=1&ratings%5BPG%5D=1" for 75.109.208.122 at 2016-04-01 21:38:55 +0000
Processing by MoviesController#index as HTML
  Parameters: {"ratings"=>{"G"=>"1", "PG"=>"1"}}
  [1m[35mMovie Load (0.6ms)[0m  SELECT "movies".* FROM "movies" WHERE "movies"."rating" IN ('G', 'PG')
  Rendered movies/index.html.haml within layouts/application (9.3ms)
Completed 200 OK in 32ms (Views: 30.0ms | ActiveRecord: 0.6ms)
DEPRECATION WARNING: config.active_record.whitelist_attributes is deprecated and have no effect. Remove its call from the configuration. (called from block in tsort_each at /usr/local/rvm/rubies/ruby-2.2.2/lib/ruby/2.2.0/tsort.rb:226)
  [1m[36mActiveRecord::SchemaMigration Load (2.1ms)[0m  [1mSELECT "schema_migrations".* FROM "schema_migrations"[0m
  [1m[35mActiveRecord::SchemaMigration Load (0.2ms)[0m  SELECT "schema_migrations".* FROM "schema_migrations"
DEPRECATION WARNING: config.active_record.whitelist_attributes is deprecated and have no effect. Remove its call from the configuration. (called from block in tsort_each at /usr/local/rvm/rubies/ruby-2.2.2/lib/ruby/2.2.0/tsort.rb:226)
DEPRECATION WARNING: You didn't set `secret_key_base`. Read the upgrade documentation to learn more about this new config option. (called from service at /usr/local/rvm/rubies/ruby-2.2.2/lib/ruby/2.2.0/webrick/httpserver.rb:138)


Started GET "/?ratings%5BG%5D=1&ratings%5BPG%5D=1" for 75.109.208.122 at 2016-04-01 21:41:30 +0000
Processing by MoviesController#index as HTML
  Parameters: {"ratings"=>{"G"=>"1", "PG"=>"1"}}
  [1m[36mMovie Load (0.4ms)[0m  [1mSELECT "movies".* FROM "movies" WHERE "movies"."rating" IN ('G', 'PG')[0m
  Rendered movies/index.html.haml within layouts/application (53.5ms)
Completed 200 OK in 497ms (Views: 456.8ms | ActiveRecord: 14.5ms)


Started GET "/movies?utf8=%E2%9C%93&ratings%5BG%5D=1&ratings%5BPG%5D=1&ratings%5BPG-13%5D=1&ratings%5BNC-17%5D=1&ratings%5BR%5D=1&commit=Refresh" for 75.109.208.122 at 2016-04-01 21:41:36 +0000
Processing by MoviesController#index as HTML
  Parameters: {"utf8"=>"✓", "ratings"=>{"G"=>"1", "PG"=>"1", "PG-13"=>"1", "NC-17"=>"1", "R"=>"1"}, "commit"=>"Refresh"}
Redirected to https://csce431-soar-software-alejandrojsuazo.c9users.io/?ratings%5BG%5D=1&ratings%5BNC-17%5D=1&ratings%5BPG%5D=1&ratings%5BPG-13%5D=1&ratings%5BR%5D=1
Completed 302 Found in 2ms (ActiveRecord: 0.0ms)


Started GET "/?ratings%5BG%5D=1&ratings%5BNC-17%5D=1&ratings%5BPG%5D=1&ratings%5BPG-13%5D=1&ratings%5BR%5D=1" for 75.109.208.122 at 2016-04-01 21:41:36 +0000
Processing by MoviesController#index as HTML
  Parameters: {"ratings"=>{"G"=>"1", "NC-17"=>"1", "PG"=>"1", "PG-13"=>"1", "R"=>"1"}}
  [1m[35mMovie Load (0.5ms)[0m  SELECT "movies".* FROM "movies" WHERE "movies"."rating" IN ('G', 'NC-17', 'PG', 'PG-13', 'R')
  Rendered movies/index.html.haml within layouts/application (11.8ms)
Completed 200 OK in 32ms (Views: 30.0ms | ActiveRecord: 0.5ms)


Started GET "/movies?ratings%5BG%5D=1&ratings%5BNC-17%5D=1&ratings%5BPG%5D=1&ratings%5BPG-13%5D=1&ratings%5BR%5D=1&sort=release_date" for 75.109.208.122 at 2016-04-01 21:41:54 +0000
Processing by MoviesController#index as HTML
  Parameters: {"ratings"=>{"G"=>"1", "NC-17"=>"1", "PG"=>"1", "PG-13"=>"1", "R"=>"1"}, "sort"=>"release_date"}
Redirected to https://csce431-soar-software-alejandrojsuazo.c9users.io/?ratings%5BG%5D=1&ratings%5BNC-17%5D=1&ratings%5BPG%5D=1&ratings%5BPG-13%5D=1&ratings%5BR%5D=1&sort=release_date
Completed 302 Found in 1ms (ActiveRecord: 0.0ms)


Started GET "/?ratings%5BG%5D=1&ratings%5BNC-17%5D=1&ratings%5BPG%5D=1&ratings%5BPG-13%5D=1&ratings%5BR%5D=1&sort=release_date" for 75.109.208.122 at 2016-04-01 21:41:54 +0000
Processing by MoviesController#index as HTML
  Parameters: {"ratings"=>{"G"=>"1", "NC-17"=>"1", "PG"=>"1", "PG-13"=>"1", "R"=>"1"}, "sort"=>"release_date"}
  [1m[36mMovie Load (0.4ms)[0m  [1mSELECT "movies".* FROM "movies" WHERE "movies"."rating" IN ('G', 'NC-17', 'PG', 'PG-13', 'R')[0m
  Rendered movies/index.html.haml within layouts/application (7.9ms)
Completed 200 OK in 27ms (Views: 25.5ms | ActiveRecord: 0.4ms)
DEPRECATION WARNING: config.active_record.whitelist_attributes is deprecated and have no effect. Remove its call from the configuration. (called from block in tsort_each at /usr/local/rvm/rubies/ruby-2.2.2/lib/ruby/2.2.0/tsort.rb:226)
  [1m[36mActiveRecord::SchemaMigration Load (0.2ms)[0m  [1mSELECT "schema_migrations".* FROM "schema_migrations"[0m
  [1m[35mActiveRecord::SchemaMigration Load (0.2ms)[0m  SELECT "schema_migrations".* FROM "schema_migrations"
DEPRECATION WARNING: config.active_record.whitelist_attributes is deprecated and have no effect. Remove its call from the configuration. (called from block in tsort_each at /usr/local/rvm/rubies/ruby-2.2.2/lib/ruby/2.2.0/tsort.rb:226)
  [1m[36mActiveRecord::SchemaMigration Load (0.3ms)[0m  [1mSELECT "schema_migrations".* FROM "schema_migrations"[0m
  [1m[35m (0.1ms)[0m  begin transaction
  [1m[36mSQL (0.8ms)[0m  [1mINSERT INTO "movies" ("title", "rating", "director", "release_date", "created_at", "updated_at") VALUES (?, ?, ?, ?, ?, ?)[0m  [["title", "Aladdin"], ["rating", "G"], ["director", "A Disney director"], ["release_date", "1992-11-25 00:00:00.000000"], ["created_at", "2016-04-01 22:07:30.800118"], ["updated_at", "2016-04-01 22:07:30.800118"]]
  [1m[35m (12.9ms)[0m  commit transaction
  [1m[36m (0.1ms)[0m  [1mbegin transaction[0m
  [1m[35mSQL (0.5ms)[0m  INSERT INTO "movies" ("title", "rating", "release_date", "created_at", "updated_at") VALUES (?, ?, ?, ?, ?)  [["title", "The Terminator"], ["rating", "R"], ["release_date", "1984-10-26 00:00:00.000000"], ["created_at", "2016-04-01 22:07:30.821596"], ["updated_at", "2016-04-01 22:07:30.821596"]]
  [1m[36m (9.7ms)[0m  [1mcommit transaction[0m
  [1m[35m (0.1ms)[0m  begin transaction
  [1m[36mSQL (0.5ms)[0m  [1mINSERT INTO "movies" ("title", "rating", "release_date", "created_at", "updated_at") VALUES (?, ?, ?, ?, ?)[0m  [["title", "When Harry Met Sally"], ["rating", "R"], ["release_date", "1989-07-21 00:00:00.000000"], ["created_at", "2016-04-01 22:07:30.834329"], ["updated_at", "2016-04-01 22:07:30.834329"]]
  [1m[35m (14.6ms)[0m  commit transaction
  [1m[36m (0.1ms)[0m  [1mbegin transaction[0m
  [1m[35mSQL (0.6ms)[0m  INSERT INTO "movies" ("title", "rating", "release_date", "created_at", "updated_at") VALUES (?, ?, ?, ?, ?)  [["title", "The Help"], ["rating", "PG-13"], ["release_date", "2011-08-10 00:00:00.000000"], ["created_at", "2016-04-01 22:07:30.852492"], ["updated_at", "2016-04-01 22:07:30.852492"]]
  [1m[36m (10.8ms)[0m  [1mcommit transaction[0m
  [1m[35m (0.1ms)[0m  begin transaction
  [1m[36mSQL (0.4ms)[0m  [1mINSERT INTO "movies" ("title", "rating", "release_date", "created_at", "updated_at") VALUES (?, ?, ?, ?, ?)[0m  [["title", "Chocolat"], ["rating", "PG-13"], ["release_date", "2001-01-05 00:00:00.000000"], ["created_at", "2016-04-01 22:07:30.867628"], ["updated_at", "2016-04-01 22:07:30.867628"]]
  [1m[35m (16.5ms)[0m  commit transaction
  [1m[36m (0.1ms)[0m  [1mbegin transaction[0m
  [1m[35mSQL (0.4ms)[0m  INSERT INTO "movies" ("title", "rating", "release_date", "created_at", "updated_at") VALUES (?, ?, ?, ?, ?)  [["title", "Amelie"], ["rating", "R"], ["release_date", "2001-04-25 00:00:00.000000"], ["created_at", "2016-04-01 22:07:30.887571"], ["updated_at", "2016-04-01 22:07:30.887571"]]
  [1m[36m (12.3ms)[0m  [1mcommit transaction[0m
  [1m[35m (0.1ms)[0m  begin transaction
  [1m[36mSQL (0.4ms)[0m  [1mINSERT INTO "movies" ("title", "rating", "release_date", "created_at", "updated_at") VALUES (?, ?, ?, ?, ?)[0m  [["title", "2001: A Space Odyssey"], ["rating", "G"], ["release_date", "1968-04-06 00:00:00.000000"], ["created_at", "2016-04-01 22:07:30.902985"], ["updated_at", "2016-04-01 22:07:30.902985"]]
  [1m[35m (12.4ms)[0m  commit transaction
  [1m[36m (0.1ms)[0m  [1mbegin transaction[0m
  [1m[35mSQL (0.6ms)[0m  INSERT INTO "movies" ("title", "rating", "release_date", "created_at", "updated_at") VALUES (?, ?, ?, ?, ?)  [["title", "The Incredibles"], ["rating", "PG"], ["release_date", "2004-11-05 00:00:00.000000"], ["created_at", "2016-04-01 22:07:30.918584"], ["updated_at", "2016-04-01 22:07:30.918584"]]
  [1m[36m (13.9ms)[0m  [1mcommit transaction[0m
  [1m[35m (0.2ms)[0m  begin transaction
  [1m[36mSQL (0.7ms)[0m  [1mINSERT INTO "movies" ("title", "rating", "release_date", "created_at", "updated_at") VALUES (?, ?, ?, ?, ?)[0m  [["title", "Raiders of the Lost Ark"], ["rating", "PG"], ["release_date", "1981-06-12 00:00:00.000000"], ["created_at", "2016-04-01 22:07:30.936489"], ["updated_at", "2016-04-01 22:07:30.936489"]]
  [1m[35m (11.8ms)[0m  commit transaction
  [1m[36m (0.1ms)[0m  [1mbegin transaction[0m
  [1m[35mSQL (0.4ms)[0m  INSERT INTO "movies" ("title", "rating", "release_date", "created_at", "updated_at") VALUES (?, ?, ?, ?, ?)  [["title", "Chicken Run"], ["rating", "G"], ["release_date", "2000-06-21 00:00:00.000000"], ["created_at", "2016-04-01 22:07:30.952045"], ["updated_at", "2016-04-01 22:07:30.952045"]]
  [1m[36m (8.7ms)[0m  [1mcommit transaction[0m
DEPRECATION WARNING: config.active_record.whitelist_attributes is deprecated and have no effect. Remove its call from the configuration. (called from block in tsort_each at /usr/local/rvm/rubies/ruby-2.2.2/lib/ruby/2.2.0/tsort.rb:226)
DEPRECATION WARNING: You didn't set `secret_key_base`. Read the upgrade documentation to learn more about this new config option. (called from service at /usr/local/rvm/rubies/ruby-2.2.2/lib/ruby/2.2.0/webrick/httpserver.rb:138)


Started GET "/?ratings%5BG%5D=1&ratings%5BNC-17%5D=1&ratings%5BPG%5D=1&ratings%5BPG-13%5D=1&ratings%5BR%5D=1&sort=release_date" for 75.109.208.122 at 2016-04-01 22:07:49 +0000
Processing by MoviesController#index as HTML
  Parameters: {"ratings"=>{"G"=>"1", "NC-17"=>"1", "PG"=>"1", "PG-13"=>"1", "R"=>"1"}, "sort"=>"release_date"}
  [1m[36mMovie Load (0.4ms)[0m  [1mSELECT "movies".* FROM "movies" WHERE "movies"."rating" IN ('G', 'NC-17', 'PG', 'PG-13', 'R')[0m
  Rendered movies/index.html.haml within layouts/application (55.9ms)
Completed 200 OK in 359ms (Views: 314.2ms | ActiveRecord: 15.3ms)


Started GET "/assets/application.self-a2d4d09977b897a787cbbb33d40f7cfe7be49b3706bc4ba8f57efd29c6002c87.css?body=1" for 75.109.208.122 at 2016-04-01 22:07:50 +0000


Started GET "/assets/jquery_ujs.self-2d932b7d855b5001f01522935e9201af44edae0eec77ab873d9f71ecc04d1680.js?body=1" for 75.109.208.122 at 2016-04-01 22:07:50 +0000


Started GET "/assets/application.self-ac4347b135ab8935f2dd20089f2acc8bec1d6b2ad528a80fcb03cd445dbd4d27.js?body=1" for 75.109.208.122 at 2016-04-01 22:07:50 +0000


Started GET "/assets/jquery.self-e87902a88decab79219ed591f69f2d9a44babbca4e20eb77fd83240a9b360d18.js?body=1" for 75.109.208.122 at 2016-04-01 22:07:50 +0000


Started GET "/movies/1" for 75.109.208.122 at 2016-04-01 22:09:55 +0000
Processing by MoviesController#show as HTML
  Parameters: {"id"=>"1"}
  [1m[35mMovie Load (0.4ms)[0m  SELECT  "movies".* FROM "movies" WHERE "movies"."id" = ? LIMIT 1  [["id", 1]]
  Rendered movies/show.html.haml within layouts/application (5.0ms)
Completed 200 OK in 37ms (Views: 29.0ms | ActiveRecord: 0.4ms)


Started GET "/movies/1/findWithSameDirector" for 75.109.208.122 at 2016-04-01 22:09:57 +0000
Processing by MoviesController#findWithSameDirector as HTML
  Parameters: {"id"=>"1"}
  [1m[36mMovie Load (0.4ms)[0m  [1mSELECT  "movies".* FROM "movies" WHERE "movies"."id" = ? LIMIT 1[0m  [["id", 1]]
  [1m[35mMovie Load (0.5ms)[0m  SELECT "movies".* FROM "movies" WHERE "movies"."director" = ?  [["director", "Yi Huangs"]]
  Rendered movies/findWithSameDirector.html.haml within layouts/application (8.0ms)
Completed 200 OK in 35ms (Views: 32.4ms | ActiveRecord: 0.9ms)


Started GET "/movies/1" for 75.109.208.122 at 2016-04-01 22:10:03 +0000
Processing by MoviesController#show as HTML
  Parameters: {"id"=>"1"}
  [1m[36mMovie Load (0.3ms)[0m  [1mSELECT  "movies".* FROM "movies" WHERE "movies"."id" = ? LIMIT 1[0m  [["id", 1]]
  Rendered movies/show.html.haml within layouts/application (3.9ms)
Completed 200 OK in 43ms (Views: 42.0ms | ActiveRecord: 0.3ms)


Started GET "/movies" for 75.109.208.122 at 2016-04-01 22:10:07 +0000
Processing by MoviesController#index as HTML
Redirected to https://csce431-soar-software-alejandrojsuazo.c9users.io/?ratings%5BG%5D=1&ratings%5BNC-17%5D=1&ratings%5BPG%5D=1&ratings%5BPG-13%5D=1&ratings%5BR%5D=1&sort=release_date
Completed 302 Found in 5ms (ActiveRecord: 0.0ms)


Started GET "/?ratings%5BG%5D=1&ratings%5BNC-17%5D=1&ratings%5BPG%5D=1&ratings%5BPG-13%5D=1&ratings%5BR%5D=1&sort=release_date" for 75.109.208.122 at 2016-04-01 22:10:07 +0000
Processing by MoviesController#index as HTML
  Parameters: {"ratings"=>{"G"=>"1", "NC-17"=>"1", "PG"=>"1", "PG-13"=>"1", "R"=>"1"}, "sort"=>"release_date"}
  [1m[35mMovie Load (0.6ms)[0m  SELECT "movies".* FROM "movies" WHERE "movies"."rating" IN ('G', 'NC-17', 'PG', 'PG-13', 'R')
  Rendered movies/index.html.haml within layouts/application (32.2ms)
Completed 200 OK in 62ms (Views: 59.9ms | ActiveRecord: 0.6ms)
DEPRECATION WARNING: config.active_record.whitelist_attributes is deprecated and have no effect. Remove its call from the configuration. (called from block in tsort_each at /usr/local/rvm/rubies/ruby-2.2.2/lib/ruby/2.2.0/tsort.rb:226)
  [1m[36m (15.6ms)[0m  [1mCREATE TABLE "schema_migrations" ("version" varchar NOT NULL) [0m
  [1m[35m (0.1ms)[0m  select sqlite_version(*)
  [1m[36m (13.4ms)[0m  [1mCREATE UNIQUE INDEX "unique_schema_migrations" ON "schema_migrations" ("version")[0m
  [1m[35mActiveRecord::SchemaMigration Load (0.2ms)[0m  SELECT "schema_migrations".* FROM "schema_migrations"
Migrating to CreateMovies (20111119180638)
  [1m[36m (0.1ms)[0m  [1mbegin transaction[0m
DEPRECATION WARNING: `#timestamp` was called without specifying an option for `null`. In Rails 5, this behavior will change to `null: false`. You should manually specify `null: true` to prevent the behavior of your existing migrations from changing. (called from block in up at /home/ubuntu/workspace/HMWK3/bdd-tdd-cycle/rottenpotatoes/db/migrate/20111119180638_create_movies.rb:10)
  [1m[35m (0.7ms)[0m  CREATE TABLE "movies" ("id" INTEGER PRIMARY KEY AUTOINCREMENT NOT NULL, "title" varchar, "rating" varchar, "description" text, "release_date" datetime, "created_at" datetime, "updated_at" datetime) 
  [1m[36mSQL (0.3ms)[0m  [1mINSERT INTO "schema_migrations" ("version") VALUES (?)[0m  [["version", "20111119180638"]]
  [1m[35m (11.0ms)[0m  commit transaction
Migrating to AddDirectorToMovie (20151005214544)
  [1m[36m (0.1ms)[0m  [1mbegin transaction[0m
  [1m[35m (0.6ms)[0m  ALTER TABLE "movies" ADD "director" varchar
  [1m[36mSQL (0.1ms)[0m  [1mINSERT INTO "schema_migrations" ("version") VALUES (?)[0m  [["version", "20151005214544"]]
  [1m[35m (8.7ms)[0m  commit transaction
  [1m[36mActiveRecord::SchemaMigration Load (0.2ms)[0m  [1mSELECT "schema_migrations".* FROM "schema_migrations"[0m
DEPRECATION WARNING: config.active_record.whitelist_attributes is deprecated and have no effect. Remove its call from the configuration. (called from block in tsort_each at /usr/local/rvm/rubies/ruby-2.2.2/lib/ruby/2.2.0/tsort.rb:226)
  [1m[36mActiveRecord::SchemaMigration Load (0.5ms)[0m  [1mSELECT "schema_migrations".* FROM "schema_migrations"[0m
  [1m[35m (0.2ms)[0m  begin transaction
  [1m[36mSQL (0.6ms)[0m  [1mINSERT INTO "movies" ("title", "rating", "director", "release_date", "created_at", "updated_at") VALUES (?, ?, ?, ?, ?, ?)[0m  [["title", "Aladdin"], ["rating", "G"], ["director", "Director1"], ["release_date", "1992-11-25 00:00:00.000000"], ["created_at", "2016-04-01 22:12:42.320241"], ["updated_at", "2016-04-01 22:12:42.320241"]]
  [1m[35m (13.9ms)[0m  commit transaction
  [1m[36m (0.2ms)[0m  [1mbegin transaction[0m
  [1m[35mSQL (0.5ms)[0m  INSERT INTO "movies" ("title", "rating", "director", "release_date", "created_at", "updated_at") VALUES (?, ?, ?, ?, ?, ?)  [["title", "The Terminator"], ["rating", "R"], ["director", "Director1"], ["release_date", "1984-10-26 00:00:00.000000"], ["created_at", "2016-04-01 22:12:42.345253"], ["updated_at", "2016-04-01 22:12:42.345253"]]
  [1m[36m (13.5ms)[0m  [1mcommit transaction[0m
  [1m[35m (0.2ms)[0m  begin transaction
  [1m[36mSQL (0.5ms)[0m  [1mINSERT INTO "movies" ("title", "rating", "director", "release_date", "created_at", "updated_at") VALUES (?, ?, ?, ?, ?, ?)[0m  [["title", "When Harry Met Sally"], ["rating", "R"], ["director", "Director1"], ["release_date", "1989-07-21 00:00:00.000000"], ["created_at", "2016-04-01 22:12:42.363120"], ["updated_at", "2016-04-01 22:12:42.363120"]]
  [1m[35m (12.2ms)[0m  commit transaction
  [1m[36m (0.1ms)[0m  [1mbegin transaction[0m
  [1m[35mSQL (0.6ms)[0m  INSERT INTO "movies" ("title", "rating", "director", "release_date", "created_at", "updated_at") VALUES (?, ?, ?, ?, ?, ?)  [["title", "The Help"], ["rating", "PG-13"], ["director", "Director2"], ["release_date", "2011-08-10 00:00:00.000000"], ["created_at", "2016-04-01 22:12:42.379678"], ["updated_at", "2016-04-01 22:12:42.379678"]]
  [1m[36m (9.6ms)[0m  [1mcommit transaction[0m
  [1m[35m (0.1ms)[0m  begin transaction
  [1m[36mSQL (1.0ms)[0m  [1mINSERT INTO "movies" ("title", "rating", "director", "release_date", "created_at", "updated_at") VALUES (?, ?, ?, ?, ?, ?)[0m  [["title", "Chocolat"], ["rating", "PG-13"], ["director", "Director2"], ["release_date", "2001-01-05 00:00:00.000000"], ["created_at", "2016-04-01 22:12:42.393154"], ["updated_at", "2016-04-01 22:12:42.393154"]]
  [1m[35m (9.7ms)[0m  commit transaction
  [1m[36m (0.1ms)[0m  [1mbegin transaction[0m
  [1m[35mSQL (0.5ms)[0m  INSERT INTO "movies" ("title", "rating", "director", "release_date", "created_at", "updated_at") VALUES (?, ?, ?, ?, ?, ?)  [["title", "Amelie"], ["rating", "R"], ["director", "Director2"], ["release_date", "2001-04-25 00:00:00.000000"], ["created_at", "2016-04-01 22:12:42.406879"], ["updated_at", "2016-04-01 22:12:42.406879"]]
  [1m[36m (9.5ms)[0m  [1mcommit transaction[0m
  [1m[35m (0.1ms)[0m  begin transaction
  [1m[36mSQL (0.8ms)[0m  [1mINSERT INTO "movies" ("title", "director", "rating", "release_date", "created_at", "updated_at") VALUES (?, ?, ?, ?, ?, ?)[0m  [["title", "2001: A Space Odyssey"], ["director", "Director2"], ["rating", "G"], ["release_date", "1968-04-06 00:00:00.000000"], ["created_at", "2016-04-01 22:12:42.420282"], ["updated_at", "2016-04-01 22:12:42.420282"]]
  [1m[35m (14.6ms)[0m  commit transaction
  [1m[36m (0.1ms)[0m  [1mbegin transaction[0m
  [1m[35mSQL (0.5ms)[0m  INSERT INTO "movies" ("title", "rating", "director", "release_date", "created_at", "updated_at") VALUES (?, ?, ?, ?, ?, ?)  [["title", "The Incredibles"], ["rating", "PG"], ["director", "Director3"], ["release_date", "2004-11-05 00:00:00.000000"], ["created_at", "2016-04-01 22:12:42.439624"], ["updated_at", "2016-04-01 22:12:42.439624"]]
  [1m[36m (7.0ms)[0m  [1mcommit transaction[0m
  [1m[35m (0.1ms)[0m  begin transaction
  [1m[36mSQL (0.6ms)[0m  [1mINSERT INTO "movies" ("title", "rating", "director", "release_date", "created_at", "updated_at") VALUES (?, ?, ?, ?, ?, ?)[0m  [["title", "Raiders of the Lost Ark"], ["rating", "PG"], ["director", "Director3"], ["release_date", "1981-06-12 00:00:00.000000"], ["created_at", "2016-04-01 22:12:42.450481"], ["updated_at", "2016-04-01 22:12:42.450481"]]
  [1m[35m (10.3ms)[0m  commit transaction
  [1m[36m (0.1ms)[0m  [1mbegin transaction[0m
  [1m[35mSQL (0.5ms)[0m  INSERT INTO "movies" ("title", "rating", "director", "release_date", "created_at", "updated_at") VALUES (?, ?, ?, ?, ?, ?)  [["title", "Chicken Run"], ["rating", "G"], ["director", "Director3"], ["release_date", "2000-06-21 00:00:00.000000"], ["created_at", "2016-04-01 22:12:42.464801"], ["updated_at", "2016-04-01 22:12:42.464801"]]
  [1m[36m (7.9ms)[0m  [1mcommit transaction[0m
DEPRECATION WARNING: config.active_record.whitelist_attributes is deprecated and have no effect. Remove its call from the configuration. (called from block in tsort_each at /usr/local/rvm/rubies/ruby-2.2.2/lib/ruby/2.2.0/tsort.rb:226)
DEPRECATION WARNING: You didn't set `secret_key_base`. Read the upgrade documentation to learn more about this new config option. (called from service at /usr/local/rvm/rubies/ruby-2.2.2/lib/ruby/2.2.0/webrick/httpserver.rb:138)


Started GET "/?ratings%5BG%5D=1&ratings%5BNC-17%5D=1&ratings%5BPG%5D=1&ratings%5BPG-13%5D=1&ratings%5BR%5D=1&sort=release_date" for 75.109.208.122 at 2016-04-01 22:25:17 +0000
Processing by MoviesController#index as HTML
  Parameters: {"ratings"=>{"G"=>"1", "NC-17"=>"1", "PG"=>"1", "PG-13"=>"1", "R"=>"1"}, "sort"=>"release_date"}
  [1m[36mMovie Load (0.8ms)[0m  [1mSELECT "movies".* FROM "movies" WHERE "movies"."rating" IN ('G', 'NC-17', 'PG', 'PG-13', 'R')[0m
  Rendered movies/index.html.haml within layouts/application (57.6ms)
Completed 200 OK in 574ms (Views: 532.9ms | ActiveRecord: 6.5ms)


Started GET "/assets/application.self-a2d4d09977b897a787cbbb33d40f7cfe7be49b3706bc4ba8f57efd29c6002c87.css?body=1" for 75.109.208.122 at 2016-04-01 22:25:19 +0000


Started GET "/assets/jquery.self-e87902a88decab79219ed591f69f2d9a44babbca4e20eb77fd83240a9b360d18.js?body=1" for 75.109.208.122 at 2016-04-01 22:25:19 +0000


Started GET "/assets/jquery_ujs.self-2d932b7d855b5001f01522935e9201af44edae0eec77ab873d9f71ecc04d1680.js?body=1" for 75.109.208.122 at 2016-04-01 22:25:19 +0000


Started GET "/assets/application.self-ac4347b135ab8935f2dd20089f2acc8bec1d6b2ad528a80fcb03cd445dbd4d27.js?body=1" for 75.109.208.122 at 2016-04-01 22:25:19 +0000


Started GET "/" for 75.109.208.122 at 2016-04-01 22:25:23 +0000
Processing by MoviesController#index as HTML
Redirected to https://csce431-soar-software-alejandrojsuazo.c9users.io/?ratings%5BG%5D=1&ratings%5BNC-17%5D=1&ratings%5BPG%5D=1&ratings%5BPG-13%5D=1&ratings%5BR%5D=1&sort=release_date
Completed 302 Found in 2ms (ActiveRecord: 0.0ms)


Started GET "/?ratings%5BG%5D=1&ratings%5BNC-17%5D=1&ratings%5BPG%5D=1&ratings%5BPG-13%5D=1&ratings%5BR%5D=1&sort=release_date" for 75.109.208.122 at 2016-04-01 22:25:23 +0000
Processing by MoviesController#index as HTML
  Parameters: {"ratings"=>{"G"=>"1", "NC-17"=>"1", "PG"=>"1", "PG-13"=>"1", "R"=>"1"}, "sort"=>"release_date"}
  [1m[35mMovie Load (0.6ms)[0m  SELECT "movies".* FROM "movies" WHERE "movies"."rating" IN ('G', 'NC-17', 'PG', 'PG-13', 'R')
  Rendered movies/index.html.haml within layouts/application (8.1ms)
Completed 200 OK in 30ms (Views: 27.9ms | ActiveRecord: 0.6ms)


Started GET "/assets/jquery.self-e87902a88decab79219ed591f69f2d9a44babbca4e20eb77fd83240a9b360d18.js?body=1" for 75.109.208.122 at 2016-04-01 22:25:24 +0000


Started GET "/assets/application.self-ac4347b135ab8935f2dd20089f2acc8bec1d6b2ad528a80fcb03cd445dbd4d27.js?body=1" for 75.109.208.122 at 2016-04-01 22:25:24 +0000


Started GET "/assets/jquery_ujs.self-2d932b7d855b5001f01522935e9201af44edae0eec77ab873d9f71ecc04d1680.js?body=1" for 75.109.208.122 at 2016-04-01 22:25:24 +0000
